This is pdfTeX, Version 3.14159265-2.6-1.40.17 (TeX Live 2016) (preloaded format=pdflatex 2016.5.22)  9 MAY 2018 15:46
entering extended mode
 restricted \write18 enabled.
 file:line:error style messages enabled.
 %&-line parsing enabled.
**Manual.tex
(./Manual.tex
LaTeX2e <2016/03/31>
Babel <3.9r> and hyphenation patterns for 83 language(s) loaded.
(/usr/local/texlive/2016/texmf-dist/tex/latex/amscls/amsart.cls
Document Class: amsart 2015/03/04 v2.20.2
\linespacing=\dimen102
\normalparindent=\dimen103
\normaltopskip=\skip41
(/usr/local/texlive/2016/texmf-dist/tex/latex/amsmath/amsmath.sty
Package: amsmath 2016/03/10 v2.15b AMS math features
\@mathmargin=\skip42

For additional information on amsmath, use the `?' option.
(/usr/local/texlive/2016/texmf-dist/tex/latex/amsmath/amstext.sty
Package: amstext 2000/06/29 v2.01 AMS text

(/usr/local/texlive/2016/texmf-dist/tex/latex/amsmath/amsgen.sty
File: amsgen.sty 1999/11/30 v2.0 generic functions
\@emptytoks=\toks14
\ex@=\dimen104
))
(/usr/local/texlive/2016/texmf-dist/tex/latex/amsmath/amsbsy.sty
Package: amsbsy 1999/11/29 v1.2d Bold Symbols
\pmbraise@=\dimen105
)
(/usr/local/texlive/2016/texmf-dist/tex/latex/amsmath/amsopn.sty
Package: amsopn 2016/03/08 v2.02 operator names
)
\inf@bad=\count79
LaTeX Info: Redefining \frac on input line 199.
\uproot@=\count80
\leftroot@=\count81
LaTeX Info: Redefining \overline on input line 297.
\classnum@=\count82
\DOTSCASE@=\count83
LaTeX Info: Redefining \ldots on input line 394.
LaTeX Info: Redefining \dots on input line 397.
LaTeX Info: Redefining \cdots on input line 518.
\Mathstrutbox@=\box26
\strutbox@=\box27
\big@size=\dimen106
LaTeX Font Info:    Redeclaring font encoding OML on input line 634.
LaTeX Font Info:    Redeclaring font encoding OMS on input line 635.
\macc@depth=\count84
\c@MaxMatrixCols=\count85
\dotsspace@=\muskip10
\c@parentequation=\count86
\dspbrk@lvl=\count87
\tag@help=\toks15
\row@=\count88
\column@=\count89
\maxfields@=\count90
\andhelp@=\toks16
\eqnshift@=\dimen107
\alignsep@=\dimen108
\tagshift@=\dimen109
\tagwidth@=\dimen110
\totwidth@=\dimen111
\lineht@=\dimen112
\@envbody=\toks17
\multlinegap=\skip43
\multlinetaggap=\skip44
\mathdisplay@stack=\toks18
LaTeX Info: Redefining \[ on input line 2739.
LaTeX Info: Redefining \] on input line 2740.
)
LaTeX Font Info:    Try loading font information for U+msa on input line 388.

(/usr/local/texlive/2016/texmf-dist/tex/latex/amsfonts/umsa.fd
File: umsa.fd 2013/01/14 v3.01 AMS symbols A
)
(/usr/local/texlive/2016/texmf-dist/tex/latex/amsfonts/amsfonts.sty
Package: amsfonts 2013/01/14 v3.01 Basic AMSFonts support
\symAMSa=\mathgroup4
\symAMSb=\mathgroup5
LaTeX Font Info:    Overwriting math alphabet `\mathfrak' in version `bold'
(Font)                  U/euf/m/n --> U/euf/b/n on input line 106.
)
\copyins=\insert199
\abstractbox=\box28
\listisep=\skip45
\c@part=\count91
\c@section=\count92
\c@subsection=\count93
\c@subsubsection=\count94
\c@paragraph=\count95
\c@subparagraph=\count96
\c@figure=\count97
\c@table=\count98
\abovecaptionskip=\skip46
\belowcaptionskip=\skip47
\captionindent=\dimen113
\thm@style=\toks19
\thm@bodyfont=\toks20
\thm@headfont=\toks21
\thm@notefont=\toks22
\thm@headpunct=\toks23
\thm@preskip=\skip48
\thm@postskip=\skip49
\thm@headsep=\skip50
\dth@everypar=\toks24
)
(/usr/local/texlive/2016/texmf-dist/tex/latex/geometry/geometry.sty
Package: geometry 2010/09/12 v5.6 Page Geometry

(/usr/local/texlive/2016/texmf-dist/tex/latex/graphics/keyval.sty
Package: keyval 2014/10/28 v1.15 key=value parser (DPC)
\KV@toks@=\toks25
)
(/usr/local/texlive/2016/texmf-dist/tex/generic/oberdiek/ifpdf.sty
Package: ifpdf 2016/05/14 v3.1 Provides the ifpdf switch
)
(/usr/local/texlive/2016/texmf-dist/tex/generic/oberdiek/ifvtex.sty
Package: ifvtex 2016/05/16 v1.6 Detect VTeX and its facilities (HO)
Package ifvtex Info: VTeX not detected.
)
(/usr/local/texlive/2016/texmf-dist/tex/generic/ifxetex/ifxetex.sty
Package: ifxetex 2010/09/12 v0.6 Provides ifxetex conditional
)
\Gm@cnth=\count99
\Gm@cntv=\count100
\c@Gm@tempcnt=\count101
\Gm@bindingoffset=\dimen114
\Gm@wd@mp=\dimen115
\Gm@odd@mp=\dimen116
\Gm@even@mp=\dimen117
\Gm@layoutwidth=\dimen118
\Gm@layoutheight=\dimen119
\Gm@layouthoffset=\dimen120
\Gm@layoutvoffset=\dimen121
\Gm@dimlist=\toks26
)
(/usr/local/texlive/2016/texmf-dist/tex/latex/graphics/graphicx.sty
Package: graphicx 2014/10/28 v1.0g Enhanced LaTeX Graphics (DPC,SPQR)

(/usr/local/texlive/2016/texmf-dist/tex/latex/graphics/graphics.sty
Package: graphics 2016/05/09 v1.0r Standard LaTeX Graphics (DPC,SPQR)

(/usr/local/texlive/2016/texmf-dist/tex/latex/graphics/trig.sty
Package: trig 2016/01/03 v1.10 sin cos tan (DPC)
)
(/usr/local/texlive/2016/texmf-dist/tex/latex/graphics-cfg/graphics.cfg
File: graphics.cfg 2016/01/02 v1.10 sample graphics configuration
)
Package graphics Info: Driver file: pdftex.def on input line 96.

(/usr/local/texlive/2016/texmf-dist/tex/latex/pdftex-def/pdftex.def
File: pdftex.def 2011/05/27 v0.06d Graphics/color for pdfTeX

(/usr/local/texlive/2016/texmf-dist/tex/generic/oberdiek/infwarerr.sty
Package: infwarerr 2016/05/16 v1.4 Providing info/warning/error messages (HO)
)
(/usr/local/texlive/2016/texmf-dist/tex/generic/oberdiek/ltxcmds.sty
Package: ltxcmds 2016/05/16 v1.23 LaTeX kernel commands for general use (HO)
)
\Gread@gobject=\count102
))
\Gin@req@height=\dimen122
\Gin@req@width=\dimen123
)
(/usr/local/texlive/2016/texmf-dist/tex/latex/caption/subcaption.sty
Package: subcaption 2016/02/20 v1.1-142 Sub-captions (AR)

(/usr/local/texlive/2016/texmf-dist/tex/latex/caption/caption.sty
Package: caption 2016/02/21 v3.3-144 Customizing captions (AR)

(/usr/local/texlive/2016/texmf-dist/tex/latex/caption/caption3.sty
Package: caption3 2016/02/04 v1.7-139 caption3 kernel (AR)
Package caption3 Info: TeX engine: e-TeX on input line 67.
\captionmargin=\dimen124
\captionmargin@=\dimen125
\captionwidth=\dimen126
\caption@tempdima=\dimen127
\caption@indent=\dimen128
\caption@parindent=\dimen129
\caption@hangindent=\dimen130
)
Package caption Info: AMS or SMF document class.
\c@ContinuedFloat=\count103
)
\c@subfigure=\count104
\c@subtable=\count105
)
(/usr/local/texlive/2016/texmf-dist/tex/latex/dirtytalk/dirtytalk.sty
Package: dirtytalk 2010/11/21 A package making "quoting" easier

(/usr/local/texlive/2016/texmf-dist/tex/latex/oberdiek/kvoptions.sty
Package: kvoptions 2016/05/16 v3.12 Key value format for package options (HO)

(/usr/local/texlive/2016/texmf-dist/tex/generic/oberdiek/kvsetkeys.sty
Package: kvsetkeys 2016/05/16 v1.17 Key value parser (HO)

(/usr/local/texlive/2016/texmf-dist/tex/generic/oberdiek/etexcmds.sty
Package: etexcmds 2016/05/16 v1.6 Avoid name clashes with e-TeX commands (HO)

(/usr/local/texlive/2016/texmf-dist/tex/generic/oberdiek/ifluatex.sty
Package: ifluatex 2016/05/16 v1.4 Provides the ifluatex switch (HO)
Package ifluatex Info: LuaTeX not detected.
)
Package etexcmds Info: Could not find \expanded.
(etexcmds)             That can mean that you are not using pdfTeX 1.50 or
(etexcmds)             that some package has redefined \expanded.
(etexcmds)             In the latter case, load this package earlier.
)))
(/usr/local/texlive/2016/texmf-dist/tex/latex/base/ifthen.sty
Package: ifthen 2014/09/29 v1.1c Standard LaTeX ifthen package (DPC)
)
\c@dirtytalk@qdepth=\count106
)
(/usr/local/texlive/2016/texmf-dist/tex/generic/babel/babel.sty
Package: babel 2016/04/23 3.9r The Babel package

(/usr/local/texlive/2016/texmf-dist/tex/generic/babel-spanish/spanish.ldf
Language: spanish.ldf 2016/03/03 v5.0p Spanish support from the babel system

(/usr/local/texlive/2016/texmf-dist/tex/generic/babel/babel.def
File: babel.def 2016/04/23 3.9r Babel common definitions
\babel@savecnt=\count107
\U@D=\dimen131
)
\es@quottoks=\toks27
\es@quotdepth=\count108
Package babel Info: Making " an active character on input line 561.
Package babel Info: Making . an active character on input line 662.
Package babel Info: Making < an active character on input line 707.
Package babel Info: Making > an active character on input line 707.
Package babel Info: Making ' an active character on input line 725.
))
(/usr/local/texlive/2016/texmf-dist/tex/latex/hyperref/hyperref.sty
Package: hyperref 2016/05/05 v6.83n Hypertext links for LaTeX

(/usr/local/texlive/2016/texmf-dist/tex/generic/oberdiek/hobsub-hyperref.sty
Package: hobsub-hyperref 2016/05/16 v1.14 Bundle oberdiek, subset hyperref (HO)


(/usr/local/texlive/2016/texmf-dist/tex/generic/oberdiek/hobsub-generic.sty
Package: hobsub-generic 2016/05/16 v1.14 Bundle oberdiek, subset generic (HO)
Package: hobsub 2016/05/16 v1.14 Construct package bundles (HO)
Package hobsub Info: Skipping package `infwarerr' (already loaded).
Package hobsub Info: Skipping package `ltxcmds' (already loaded).
Package hobsub Info: Skipping package `ifluatex' (already loaded).
Package hobsub Info: Skipping package `ifvtex' (already loaded).
Package: intcalc 2016/05/16 v1.2 Expandable calculations with integers (HO)
Package hobsub Info: Skipping package `ifpdf' (already loaded).
Package hobsub Info: Skipping package `etexcmds' (already loaded).
Package hobsub Info: Skipping package `kvsetkeys' (already loaded).
Package: kvdefinekeys 2016/05/16 v1.4 Define keys (HO)
Package: pdftexcmds 2016/05/10 v0.21 Utility functions of pdfTeX for LuaTeX (HO
)
Package pdftexcmds Info: LuaTeX not detected.
Package pdftexcmds Info: \pdf@primitive is available.
Package pdftexcmds Info: \pdf@ifprimitive is available.
Package pdftexcmds Info: \pdfdraftmode found.
Package: pdfescape 2016/05/16 v1.14 Implements pdfTeX's escape features (HO)
Package: bigintcalc 2016/05/16 v1.4 Expandable calculations on big integers (HO
)
Package: bitset 2016/05/16 v1.2 Handle bit-vector datatype (HO)
Package: uniquecounter 2016/05/16 v1.3 Provide unlimited unique counter (HO)
)
Package hobsub Info: Skipping package `hobsub' (already loaded).
Package: letltxmacro 2016/05/16 v1.5 Let assignment for LaTeX macros (HO)
Package: hopatch 2016/05/16 v1.3 Wrapper for package hooks (HO)
Package: xcolor-patch 2016/05/16 xcolor patch
Package: atveryend 2016/05/16 v1.9 Hooks at the very end of document (HO)
Package atveryend Info: \enddocument detected (standard20110627).
Package: atbegshi 2016/05/16 v1.17 At begin shipout hook (HO)
Package: refcount 2016/05/16 v3.5 Data extraction from label references (HO)
Package: hycolor 2016/05/16 v1.8 Color options for hyperref/bookmark (HO)
)
(/usr/local/texlive/2016/texmf-dist/tex/latex/oberdiek/auxhook.sty
Package: auxhook 2016/05/16 v1.4 Hooks for auxiliary files (HO)
)
\@linkdim=\dimen132
\Hy@linkcounter=\count109
\Hy@pagecounter=\count110

(/usr/local/texlive/2016/texmf-dist/tex/latex/hyperref/pd1enc.def
File: pd1enc.def 2016/05/05 v6.83n Hyperref: PDFDocEncoding definition (HO)
)
\Hy@SavedSpaceFactor=\count111

(/usr/local/texlive/2016/texmf-dist/tex/latex/latexconfig/hyperref.cfg
File: hyperref.cfg 2002/06/06 v1.2 hyperref configuration of TeXLive
)
Package hyperref Info: Hyper figures OFF on input line 4446.
Package hyperref Info: Link nesting OFF on input line 4451.
Package hyperref Info: Hyper index ON on input line 4454.
Package hyperref Info: Plain pages OFF on input line 4461.
Package hyperref Info: Backreferencing OFF on input line 4466.
Package hyperref Info: Implicit mode ON; LaTeX internals redefined.
Package hyperref Info: Bookmarks ON on input line 4691.
\c@Hy@tempcnt=\count112

(/usr/local/texlive/2016/texmf-dist/tex/latex/url/url.sty
\Urlmuskip=\muskip11
Package: url 2013/09/16  ver 3.4  Verb mode for urls, etc.
)
LaTeX Info: Redefining \url on input line 5044.
\XeTeXLinkMargin=\dimen133
\Fld@menulength=\count113
\Field@Width=\dimen134
\Fld@charsize=\dimen135
Package hyperref Info: Hyper figures OFF on input line 6298.
Package hyperref Info: Link nesting OFF on input line 6303.
Package hyperref Info: Hyper index ON on input line 6306.
Package hyperref Info: backreferencing OFF on input line 6313.
Package hyperref Info: Link coloring OFF on input line 6318.
Package hyperref Info: Link coloring with OCG OFF on input line 6323.
Package hyperref Info: PDF/A mode OFF on input line 6328.
LaTeX Info: Redefining \ref on input line 6368.
LaTeX Info: Redefining \pageref on input line 6372.
\Hy@abspage=\count114
\c@Item=\count115
\c@Hfootnote=\count116
)

Package hyperref Message: Driver (autodetected): hpdftex.

(/usr/local/texlive/2016/texmf-dist/tex/latex/hyperref/hpdftex.def
File: hpdftex.def 2016/05/05 v6.83n Hyperref driver for pdfTeX
\Fld@listcount=\count117
\c@bookmark@seq@number=\count118

(/usr/local/texlive/2016/texmf-dist/tex/latex/oberdiek/rerunfilecheck.sty
Package: rerunfilecheck 2016/05/16 v1.8 Rerun checks for auxiliary files (HO)
Package uniquecounter Info: New unique counter `rerunfilecheck' on input line 2
82.
)
\Hy@SectionHShift=\skip51
)
Package hyperref Info: Option `colorlinks' set `true' on input line 15.

(./Manual.aux
LaTeX Info: Redefining \. on input line 24.
LaTeX Info: Redefining \% on input line 24.
)
\openout1 = `Manual.aux'.

LaTeX Font Info:    Checking defaults for OML/cmm/m/it on input line 20.
LaTeX Font Info:    ... okay on input line 20.
LaTeX Font Info:    Checking defaults for T1/cmr/m/n on input line 20.
LaTeX Font Info:    ... okay on input line 20.
LaTeX Font Info:    Checking defaults for OT1/cmr/m/n on input line 20.
LaTeX Font Info:    ... okay on input line 20.
LaTeX Font Info:    Checking defaults for OMS/cmsy/m/n on input line 20.
LaTeX Font Info:    ... okay on input line 20.
LaTeX Font Info:    Checking defaults for OMX/cmex/m/n on input line 20.
LaTeX Font Info:    ... okay on input line 20.
LaTeX Font Info:    Checking defaults for U/cmr/m/n on input line 20.
LaTeX Font Info:    ... okay on input line 20.
LaTeX Font Info:    Checking defaults for PD1/pdf/m/n on input line 20.
LaTeX Font Info:    ... okay on input line 20.
LaTeX Font Info:    Try loading font information for U+msa on input line 20.
 (/usr/local/texlive/2016/texmf-dist/tex/latex/amsfonts/umsa.fd
File: umsa.fd 2013/01/14 v3.01 AMS symbols A
)
LaTeX Font Info:    Try loading font information for U+msb on input line 20.

(/usr/local/texlive/2016/texmf-dist/tex/latex/amsfonts/umsb.fd
File: umsb.fd 2013/01/14 v3.01 AMS symbols B
)
*geometry* driver: auto-detecting
*geometry* detected driver: pdftex
*geometry* verbose mode - [ preamble ] result:
* driver: pdftex
* paper: a4paper
* layout: <same size as paper>
* layoutoffset:(h,v)=(0.0pt,0.0pt)
* modes: twoside 
* h-part:(L,W,R)=(71.70166pt, 418.25368pt, 107.55254pt)
* v-part:(T,H,B)=(101.40665pt, 591.5302pt, 152.11pt)
* \paperwidth=597.50787pt
* \paperheight=845.04684pt
* \textwidth=418.25368pt
* \textheight=591.5302pt
* \oddsidemargin=-0.56833pt
* \evensidemargin=35.28255pt
* \topmargin=7.13666pt
* \headheight=8.0pt
* \headsep=14.0pt
* \topskip=10.0pt
* \footskip=12.0pt
* \marginparwidth=90.0pt
* \marginparsep=11.0pt
* \columnsep=10.0pt
* \skip\footins=7.0pt plus 11.0pt
* \hoffset=0.0pt
* \voffset=0.0pt
* \mag=1000
* \@twocolumnfalse
* \@twosidetrue
* \@mparswitchtrue
* \@reversemarginfalse
* (1in=72.27pt=25.4mm, 1cm=28.453pt)

(/usr/local/texlive/2016/texmf-dist/tex/context/base/mkii/supp-pdf.mkii
[Loading MPS to PDF converter (version 2006.09.02).]
\scratchcounter=\count119
\scratchdimen=\dimen136
\scratchbox=\box29
\nofMPsegments=\count120
\nofMParguments=\count121
\everyMPshowfont=\toks28
\MPscratchCnt=\count122
\MPscratchDim=\dimen137
\MPnumerator=\count123
\makeMPintoPDFobject=\count124
\everyMPtoPDFconversion=\toks29
) (/usr/local/texlive/2016/texmf-dist/tex/latex/oberdiek/epstopdf-base.sty
Package: epstopdf-base 2016/05/15 v2.6 Base part for package epstopdf

(/usr/local/texlive/2016/texmf-dist/tex/latex/oberdiek/grfext.sty
Package: grfext 2016/05/16 v1.2 Manage graphics extensions (HO)
)
Package grfext Info: Graphics extension search list:
(grfext)             [.png,.pdf,.jpg,.mps,.jpeg,.jbig2,.jb2,.PNG,.PDF,.JPG,.JPE
G,.JBIG2,.JB2,.eps]
(grfext)             \AppendGraphicsExtensions on input line 456.

(/usr/local/texlive/2016/texmf-dist/tex/latex/latexconfig/epstopdf-sys.cfg
File: epstopdf-sys.cfg 2010/07/13 v1.3 Configuration of (r)epstopdf for TeX Liv
e
))
Package caption Info: Begin \AtBeginDocument code.
Package caption Info: hyperref package is loaded.
Package caption Info: End \AtBeginDocument code.
LaTeX Info: Redefining \. on input line 20.
LaTeX Info: Redefining \% on input line 20.
\AtBeginShipoutBox=\box30

(/usr/local/texlive/2016/texmf-dist/tex/latex/graphics/color.sty
Package: color 2016/05/09 v1.1c Standard LaTeX Color (DPC)

(/usr/local/texlive/2016/texmf-dist/tex/latex/graphics-cfg/color.cfg
File: color.cfg 2016/01/02 v1.6 sample color configuration
)
Package color Info: Driver file: pdftex.def on input line 144.
)
Package hyperref Info: Link coloring ON on input line 20.

(/usr/local/texlive/2016/texmf-dist/tex/latex/hyperref/nameref.sty
Package: nameref 2012/10/27 v2.43 Cross-referencing by name of section

(/usr/local/texlive/2016/texmf-dist/tex/generic/oberdiek/gettitlestring.sty
Package: gettitlestring 2016/05/16 v1.5 Cleanup title references (HO)
)
\c@section@level=\count125
)
LaTeX Info: Redefining \ref on input line 20.
LaTeX Info: Redefining \pageref on input line 20.
LaTeX Info: Redefining \nameref on input line 20.

(./Manual.out) (./Manual.out)
\@outlinefile=\write3
\openout3 = `Manual.out'.

 <images/Tec.jpg, id=28, 501.875pt x 501.875pt>
File: images/Tec.jpg Graphic file (type jpg)

<use images/Tec.jpg>
Package pdftex.def Info: images/Tec.jpg used on input line 32.
(pdftex.def)             Requested size: 418.25368pt x 418.27153pt.
Package babel Info: Redefining spanish shorthand <<
(babel)             in language  on input line 37.
Package babel Info: Redefining spanish shorthand >>
(babel)             in language  on input line 37.
Package babel Info: Redefining spanish shorthand "=
(babel)             in language  on input line 37.
Package babel Info: Redefining spanish shorthand "~
(babel)             in language  on input line 37.
Package babel Info: Redefining spanish shorthand "!
(babel)             in language  on input line 37.
Package babel Info: Redefining spanish shorthand "?
(babel)             in language  on input line 37.
Package babel Info: Redefining spanish shorthand <<
(babel)             in language  on input line 37.
Package babel Info: Redefining spanish shorthand >>
(babel)             in language  on input line 37.
Package babel Info: Redefining spanish shorthand "=
(babel)             in language  on input line 37.
Package babel Info: Redefining spanish shorthand "~
(babel)             in language  on input line 37.
Package babel Info: Redefining spanish shorthand "!
(babel)             in language  on input line 37.
Package babel Info: Redefining spanish shorthand "?
(babel)             in language  on input line 37.
 [0

{/usr/local/texlive/2016/texmf-var/fonts/map/pdftex/updmap/pdftex.map} <./image
s/Tec.jpg>] (./Manual.toc
LaTeX Info: Redefining \. on input line 1.
LaTeX Info: Redefining \% on input line 1.
)
\tf@toc=\write4
\openout4 = `Manual.toc'.

Package babel Info: Redefining spanish shorthand <<
(babel)             in language  on input line 41.
Package babel Info: Redefining spanish shorthand >>
(babel)             in language  on input line 41.
Package babel Info: Redefining spanish shorthand "=
(babel)             in language  on input line 41.
Package babel Info: Redefining spanish shorthand "~
(babel)             in language  on input line 41.
Package babel Info: Redefining spanish shorthand "!
(babel)             in language  on input line 41.
Package babel Info: Redefining spanish shorthand "?
(babel)             in language  on input line 41.
Package babel Info: Redefining spanish shorthand <<
(babel)             in language  on input line 44.
Package babel Info: Redefining spanish shorthand >>
(babel)             in language  on input line 44.
Package babel Info: Redefining spanish shorthand "=
(babel)             in language  on input line 44.
Package babel Info: Redefining spanish shorthand "~
(babel)             in language  on input line 44.
Package babel Info: Redefining spanish shorthand "!
(babel)             in language  on input line 44.
Package babel Info: Redefining spanish shorthand "?
(babel)             in language  on input line 44.
Package babel Info: Redefining spanish shorthand <<
(babel)             in language  on input line 47.
Package babel Info: Redefining spanish shorthand >>
(babel)             in language  on input line 47.
Package babel Info: Redefining spanish shorthand "=
(babel)             in language  on input line 47.
Package babel Info: Redefining spanish shorthand "~
(babel)             in language  on input line 47.
Package babel Info: Redefining spanish shorthand "!
(babel)             in language  on input line 47.
Package babel Info: Redefining spanish shorthand "?
(babel)             in language  on input line 47.

<images/Welcome.jpg, id=50, 463.7325pt x 564.1075pt>
File: images/Welcome.jpg Graphic file (type jpg)
 <use images/Welcome.jpg>
Package pdftex.def Info: images/Welcome.jpg used on input line 58.
(pdftex.def)             Requested size: 142.26378pt x 173.05531pt.

<images/Player.jpg, id=52, 463.7325pt x 564.1075pt>
File: images/Player.jpg Graphic file (type jpg)
 <use images/Player.jpg>
Package pdftex.def Info: images/Player.jpg used on input line 66.
(pdftex.def)             Requested size: 113.81102pt x 138.44424pt.

<images/Lovely.jpg, id=53, 463.7325pt x 564.1075pt>
File: images/Lovely.jpg Graphic file (type jpg)
 <use images/Lovely.jpg>
Package pdftex.def Info: images/Lovely.jpg used on input line 72.
(pdftex.def)             Requested size: 113.81102pt x 138.44424pt.

<images/Slugabed.jpg, id=54, 463.7325pt x 564.1075pt>
File: images/Slugabed.jpg Graphic file (type jpg)

<use images/Slugabed.jpg>
Package pdftex.def Info: images/Slugabed.jpg used on input line 79.
(pdftex.def)             Requested size: 113.81102pt x 138.44424pt.

Underfull \hbox (badness 1067) in paragraph at lines 80--80
[]\OT1/cmr/m/sc/10.95 (c) |\OT1/cmr/m/n/10.95 Per-so-na-je ``Slu-ga-
 []

<images/Delicate.jpg, id=55, 463.7325pt x 564.1075pt>
File: images/Delicate.jpg Graphic file (type jpg)

<use images/Delicate.jpg>
Package pdftex.def Info: images/Delicate.jpg used on input line 85.
(pdftex.def)             Requested size: 113.81102pt x 138.44424pt.
Package babel Info: Redefining spanish shorthand <<
(babel)             in language  on input line 93.
Package babel Info: Redefining spanish shorthand >>
(babel)             in language  on input line 93.
Package babel Info: Redefining spanish shorthand "=
(babel)             in language  on input line 93.
Package babel Info: Redefining spanish shorthand "~
(babel)             in language  on input line 93.
Package babel Info: Redefining spanish shorthand "!
(babel)             in language  on input line 93.
Package babel Info: Redefining spanish shorthand "?
(babel)             in language  on input line 93.
 <images/Name.jpg, id=56, 502.87875pt x 280.04625pt>
File: images/Name.jpg Graphic file (type jpg)

<use images/Name.jpg>
Package pdftex.def Info: images/Name.jpg used on input line 96.
(pdftex.def)             Requested size: 199.16928pt x 110.91403pt.
Package babel Info: Redefining spanish shorthand <<
(babel)             in language  on input line 102.
Package babel Info: Redefining spanish shorthand >>
(babel)             in language  on input line 102.
Package babel Info: Redefining spanish shorthand "=
(babel)             in language  on input line 102.
Package babel Info: Redefining spanish shorthand "~
(babel)             in language  on input line 102.
Package babel Info: Redefining spanish shorthand "!
(babel)             in language  on input line 102.
Package babel Info: Redefining spanish shorthand "?
(babel)             in language  on input line 102.

Underfull \hbox (badness 10000) in paragraph at lines 102--104

 []

Package babel Info: Redefining spanish shorthand <<
(babel)             in language  on input line 104.
Package babel Info: Redefining spanish shorthand >>
(babel)             in language  on input line 104.
Package babel Info: Redefining spanish shorthand "=
(babel)             in language  on input line 104.
Package babel Info: Redefining spanish shorthand "~
(babel)             in language  on input line 104.
Package babel Info: Redefining spanish shorthand "!
(babel)             in language  on input line 104.
Package babel Info: Redefining spanish shorthand "?
(babel)             in language  on input line 104.
Package babel Info: Redefining spanish shorthand <<
(babel)             in language  on input line 104.
Package babel Info: Redefining spanish shorthand >>
(babel)             in language  on input line 104.
Package babel Info: Redefining spanish shorthand "=
(babel)             in language  on input line 104.
Package babel Info: Redefining spanish shorthand "~
(babel)             in language  on input line 104.
Package babel Info: Redefining spanish shorthand "!
(babel)             in language  on input line 104.
Package babel Info: Redefining spanish shorthand "?
(babel)             in language  on input line 104.
[1]
Package babel Info: Redefining spanish shorthand <<
(babel)             in language  on input line 104.
Package babel Info: Redefining spanish shorthand >>
(babel)             in language  on input line 104.
Package babel Info: Redefining spanish shorthand "=
(babel)             in language  on input line 104.
Package babel Info: Redefining spanish shorthand "~
(babel)             in language  on input line 104.
Package babel Info: Redefining spanish shorthand "!
(babel)             in language  on input line 104.
Package babel Info: Redefining spanish shorthand "?
(babel)             in language  on input line 104.
Package babel Info: Redefining spanish shorthand <<
(babel)             in language  on input line 104.
Package babel Info: Redefining spanish shorthand >>
(babel)             in language  on input line 104.
Package babel Info: Redefining spanish shorthand "=
(babel)             in language  on input line 104.
Package babel Info: Redefining spanish shorthand "~
(babel)             in language  on input line 104.
Package babel Info: Redefining spanish shorthand "!
(babel)             in language  on input line 104.
Package babel Info: Redefining spanish shorthand "?
(babel)             in language  on input line 104.
 [2 <./images/Welcome.jpg> <./images/Player.jpg> <./images/Lovely.jpg> <./image
s/Slugabed.jpg> <./images/Delicate.jpg>]
<images/Botones.jpg, id=78, 463.7325pt x 564.1075pt>
File: images/Botones.jpg Graphic file (type jpg)
 <use images/Botones.jpg>
Package pdftex.def Info: images/Botones.jpg used on input line 116.
(pdftex.def)             Requested size: 199.16928pt x 242.28604pt.
Package babel Info: Redefining spanish shorthand <<
(babel)             in language  on input line 122.
Package babel Info: Redefining spanish shorthand >>
(babel)             in language  on input line 122.
Package babel Info: Redefining spanish shorthand "=
(babel)             in language  on input line 122.
Package babel Info: Redefining spanish shorthand "~
(babel)             in language  on input line 122.
Package babel Info: Redefining spanish shorthand "!
(babel)             in language  on input line 122.
Package babel Info: Redefining spanish shorthand "?
(babel)             in language  on input line 122.

Underfull \hbox (badness 10000) in paragraph at lines 122--123

 []

Package babel Info: Redefining spanish shorthand <<
(babel)             in language  on input line 139.
Package babel Info: Redefining spanish shorthand >>
(babel)             in language  on input line 139.
Package babel Info: Redefining spanish shorthand "=
(babel)             in language  on input line 139.
Package babel Info: Redefining spanish shorthand "~
(babel)             in language  on input line 139.
Package babel Info: Redefining spanish shorthand "!
(babel)             in language  on input line 139.
Package babel Info: Redefining spanish shorthand "?
(babel)             in language  on input line 139.
Package babel Info: Redefining spanish shorthand <<
(babel)             in language  on input line 139.
Package babel Info: Redefining spanish shorthand >>
(babel)             in language  on input line 139.
Package babel Info: Redefining spanish shorthand "=
(babel)             in language  on input line 139.
Package babel Info: Redefining spanish shorthand "~
(babel)             in language  on input line 139.
Package babel Info: Redefining spanish shorthand "!
(babel)             in language  on input line 139.
Package babel Info: Redefining spanish shorthand "?
(babel)             in language  on input line 139.
[3 <./images/Name.jpg>] <images/Sleepy.jpg, id=96, 463.7325pt x 564.1075pt>
File: images/Sleepy.jpg Graphic file (type jpg)

<use images/Sleepy.jpg>
Package pdftex.def Info: images/Sleepy.jpg used on input line 146.
(pdftex.def)             Requested size: 170.71652pt x 207.66638pt.

Overfull \hbox (28.45274pt too wide) in paragraph at lines 146--147
 [][] 
 []

<images/Playful.jpg, id=97, 463.7325pt x 564.1075pt>
File: images/Playful.jpg Graphic file (type jpg)
 <use images/Playful.jpg>
Package pdftex.def Info: images/Playful.jpg used on input line 152.
(pdftex.def)             Requested size: 170.71652pt x 207.66638pt.

Overfull \hbox (28.45274pt too wide) in paragraph at lines 152--153
 [][] 
 []

<images/Talk.jpg, id=98, 463.7325pt x 564.1075pt>
File: images/Talk.jpg Graphic file (type jpg)
 <use images/Talk.jpg>
Package pdftex.def Info: images/Talk.jpg used on input line 159.
(pdftex.def)             Requested size: 170.71652pt x 207.66638pt.

Overfull \hbox (28.45274pt too wide) in paragraph at lines 159--160
 [][] 
 []

<images/Sad.jpg, id=99, 463.7325pt x 564.1075pt>
File: images/Sad.jpg Graphic file (type jpg)
 <use images/Sad.jpg>
Package pdftex.def Info: images/Sad.jpg used on input line 166.
(pdftex.def)             Requested size: 170.71652pt x 207.66638pt.

Overfull \hbox (28.45274pt too wide) in paragraph at lines 166--167
 [][] 
 []

<images/Sick.jpg, id=100, 463.7325pt x 564.1075pt>
File: images/Sick.jpg Graphic file (type jpg)
 <use images/Sick.jpg>
Package pdftex.def Info: images/Sick.jpg used on input line 172.
(pdftex.def)             Requested size: 170.71652pt x 207.66638pt.

Overfull \hbox (28.45274pt too wide) in paragraph at lines 172--173
 [][] 
 []


LaTeX Warning: Float too large for page by 116.46895pt on input line 177.

Package atveryend Info: Empty hook `BeforeClearDocument' on input line 179.
Package babel Info: Redefining spanish shorthand <<
(babel)             in language  on input line 179.
Package babel Info: Redefining spanish shorthand >>
(babel)             in language  on input line 179.
Package babel Info: Redefining spanish shorthand "=
(babel)             in language  on input line 179.
Package babel Info: Redefining spanish shorthand "~
(babel)             in language  on input line 179.
Package babel Info: Redefining spanish shorthand "!
(babel)             in language  on input line 179.
Package babel Info: Redefining spanish shorthand "?
(babel)             in language  on input line 179.
Package babel Info: Redefining spanish shorthand <<
(babel)             in language  on input line 179.
Package babel Info: Redefining spanish shorthand >>
(babel)             in language  on input line 179.
Package babel Info: Redefining spanish shorthand "=
(babel)             in language  on input line 179.
Package babel Info: Redefining spanish shorthand "~
(babel)             in language  on input line 179.
Package babel Info: Redefining spanish shorthand "!
(babel)             in language  on input line 179.
Package babel Info: Redefining spanish shorthand "?
(babel)             in language  on input line 179.
[4 <./images/Botones.jpg>]
Package babel Info: Redefining spanish shorthand <<
(babel)             in language  on input line 179.
Package babel Info: Redefining spanish shorthand >>
(babel)             in language  on input line 179.
Package babel Info: Redefining spanish shorthand "=
(babel)             in language  on input line 179.
Package babel Info: Redefining spanish shorthand "~
(babel)             in language  on input line 179.
Package babel Info: Redefining spanish shorthand "!
(babel)             in language  on input line 179.
Package babel Info: Redefining spanish shorthand "?
(babel)             in language  on input line 179.
Package babel Info: Redefining spanish shorthand <<
(babel)             in language  on input line 179.
Package babel Info: Redefining spanish shorthand >>
(babel)             in language  on input line 179.
Package babel Info: Redefining spanish shorthand "=
(babel)             in language  on input line 179.
Package babel Info: Redefining spanish shorthand "~
(babel)             in language  on input line 179.
Package babel Info: Redefining spanish shorthand "!
(babel)             in language  on input line 179.
Package babel Info: Redefining spanish shorthand "?
(babel)             in language  on input line 179.
 [5 <./images/Sleepy.jpg> <./images/Playful.jpg> <./images/Talk.jpg> <./images/
Sad.jpg> <./images/Sick.jpg>]
Package atveryend Info: Empty hook `AfterLastShipout' on input line 179.
 (./Manual.aux
LaTeX Info: Redefining \. on input line 24.
LaTeX Info: Redefining \% on input line 24.
)
Package atveryend Info: Executing hook `AtVeryEndDocument' on input line 179.
Package atveryend Info: Executing hook `AtEndAfterFileList' on input line 179.
Package rerunfilecheck Info: File `Manual.out' has not changed.
(rerunfilecheck)             Checksum: 467FBBD8A74FCAB198C8045A81D2ADD6;410.
Package atveryend Info: Empty hook `AtVeryVeryEnd' on input line 179.
 ) 
Here is how much of TeX's memory you used:
 8741 strings out of 493014
 128939 string characters out of 6133351
 233486 words of memory out of 5000000
 11980 multiletter control sequences out of 15000+600000
 12746 words of font info for 49 fonts, out of 8000000 for 9000
 1302 hyphenation exceptions out of 8191
 42i,8n,40p,326b,529s stack positions out of 5000i,500n,10000p,200000b,80000s
</usr/local/texlive/2016/texmf-dist/fonts/type1/public/amsfonts/cm/cmbx12.pfb
></usr/local/texlive/2016/texmf-dist/fonts/type1/public/amsfonts/cm/cmcsc10.pfb
></usr/local/texlive/2016/texmf-dist/fonts/type1/public/amsfonts/cm/cmr10.pfb><
/usr/local/texlive/2016/texmf-dist/fonts/type1/public/amsfonts/cm/cmr12.pfb></u
sr/local/texlive/2016/texmf-dist/fonts/type1/public/amsfonts/cm/cmr9.pfb></usr/
local/texlive/2016/texmf-dist/fonts/type1/public/amsfonts/cm/cmti12.pfb>
Output written on Manual.pdf (6 pages, 295475 bytes).
PDF statistics:
 146 PDF objects out of 1000 (max. 8388607)
 104 compressed objects within 2 object streams
 26 named destinations out of 1000 (max. 500000)
 114 words of extra memory for PDF output out of 10000 (max. 10000000)

